\BOOKMARK [1][-]{section.1}{Introductory Remarks}{}% 1
\BOOKMARK [1][-]{section.2}{Preliminaries}{}% 2
\BOOKMARK [2][-]{subsection.2.1}{Market Structure}{section.2}% 3
\BOOKMARK [2][-]{subsection.2.2}{Decentralized Order Matching}{section.2}% 4
\BOOKMARK [2][-]{subsection.2.3}{Related Works}{section.2}% 5
\BOOKMARK [1][-]{section.3}{Priority Queues}{}% 6
\BOOKMARK [2][-]{subsection.3.1}{Priority Queue Evaluation}{section.3}% 7
\BOOKMARK [3][-]{subsubsection.3.1.1}{Enqueue Performance.}{subsection.3.1}% 8
\BOOKMARK [3][-]{subsubsection.3.1.2}{Dequeue Performance.}{subsection.3.1}% 9
\BOOKMARK [3][-]{subsubsection.3.1.3}{Discussion.}{subsection.3.1}% 10
\BOOKMARK [2][-]{subsection.3.2}{Cost/Benefit of Cleaning up After Yourself}{section.3}% 11
\BOOKMARK [1][-]{section.4}{Call Market Design}{}% 12
\BOOKMARK [2][-]{subsection.4.1}{Measurements}{section.4}% 13
\BOOKMARK [2][-]{subsection.4.2}{Security Analysis}{section.4}% 14
\BOOKMARK [1][-]{section.5}{Design Alternatives and Extensions}{}% 15
\BOOKMARK [2][-]{subsection.5.1}{Token Divisibility and Volumes}{section.5}% 16
\BOOKMARK [2][-]{subsection.5.2}{Order Cancellations}{section.5}% 17
\BOOKMARK [2][-]{subsection.5.3}{Market Clearing Price}{section.5}% 18
\BOOKMARK [2][-]{subsection.5.4}{Scheduling Events}{section.5}% 19
\BOOKMARK [2][-]{subsection.5.5}{Who Pays to Close/Reopen the Market?}{section.5}% 20
\BOOKMARK [2][-]{subsection.5.6}{Off-chain Closing}{section.5}% 21
\BOOKMARK [1][-]{section.6}{Concluding Remarks}{}% 22
\BOOKMARK [1][-]{appendix.A}{Clearing storage \(extended discussion\)}{}% 23
\BOOKMARK [2][-]{subsection.A.1}{Ethereum's Gas Model}{appendix.A}% 24
\BOOKMARK [3][-]{subsubsection.A.1.1}{Gas Refunds.}{subsection.A.1}% 25
\BOOKMARK [2][-]{subsection.A.2}{Clearing Mappings}{appendix.A}% 26
\BOOKMARK [1][-]{appendix.B}{Collateralization Options}{}% 27
